2024-03-08 15:03:40,900 [main] INFO com.speckyfox.logmanager.LogsManager - -----Video Started for FillStudentRegistrationForm_WEB-------
2024-03-08 15:03:50,442 [main] INFO com.speckyfox.logmanager.LogsManager - ********************Test Script: FillStudentRegistrationForm_WEB is Started At: 2024-03-08 15:03:50.441********************
2024-03-08 15:04:01,870 [main] ERROR com.speckyfox.logmanager.LogsManager - No Element Found Named: Card: Elements
2024-03-08 15:04:01,891 [main] ERROR com.speckyfox.logmanager.LogsManager - Can not scrolled Window to Card: Forms
2024-03-08 15:04:01,914 [main] ERROR com.speckyfox.logmanager.LogsManager - Exception in Clicked using JavaScript
2024-03-08 15:04:01,914 [main] ERROR com.speckyfox.logmanager.LogsManager - Cannot Click Element: Card: Forms
2024-03-08 15:04:01,915 [main] ERROR com.speckyfox.logmanager.LogsManager - Not Able to Click using JavaScript
2024-03-08 15:04:13,281 [main] ERROR com.speckyfox.logmanager.LogsManager - No Element Found Named: Card: Elements
2024-03-08 15:04:13,289 [main] ERROR com.speckyfox.logmanager.LogsManager - Can not scrolled Window to Card: Forms
2024-03-08 15:04:13,298 [main] ERROR com.speckyfox.logmanager.LogsManager - Exception in Clicked using JavaScript
2024-03-08 15:04:13,299 [main] ERROR com.speckyfox.logmanager.LogsManager - Cannot Click Element: Card: Forms
2024-03-08 15:04:13,299 [main] ERROR com.speckyfox.logmanager.LogsManager - Not Able to Click using JavaScript
2024-03-08 15:04:24,418 [main] ERROR com.speckyfox.logmanager.LogsManager - No Element Found Named: Practice Form: First Name
2024-03-08 15:04:24,419 [main] ERROR com.speckyfox.logmanager.LogsManager - No Element Found Named: Field: First Name and Value: Alden1
2024-03-08 15:04:35,474 [main] ERROR com.speckyfox.logmanager.LogsManager - No Element Found Named: Practice Form: Last Name
2024-03-08 15:04:35,474 [main] ERROR com.speckyfox.logmanager.LogsManager - No Element Found Named: Field: Last Name and Value: Seletial
2024-03-08 15:04:46,628 [main] ERROR com.speckyfox.logmanager.LogsManager - No Element Found Named: Practice Form: Email ID
2024-03-08 15:04:46,629 [main] ERROR com.speckyfox.logmanager.LogsManager - No Element Found Named: Field: Email and Value: test123@gmail.com
2024-03-08 15:04:57,712 [main] ERROR com.speckyfox.logmanager.LogsManager - No Element Found Named: Practice Form: Gender Radio and Value: Male
2024-03-08 15:04:57,723 [main] ERROR com.speckyfox.logmanager.LogsManager - Can not scrolled Window to Gender Radio : Male
2024-03-08 15:04:57,733 [main] ERROR com.speckyfox.logmanager.LogsManager - Exception in Clicked using JavaScript
2024-03-08 15:04:57,734 [main] ERROR com.speckyfox.logmanager.LogsManager - Cannot Click Element: Gender Radio : Male
2024-03-08 15:04:57,735 [main] ERROR com.speckyfox.logmanager.LogsManager - Not Able to Click using JavaScript
2024-03-08 15:05:08,876 [main] ERROR com.speckyfox.logmanager.LogsManager - No Element Found Named: Practice Form: Mobile Number
2024-03-08 15:05:08,878 [main] ERROR com.speckyfox.logmanager.LogsManager - No Element Found Named: Field: Mobile and Value: 9645643213
2024-03-08 15:05:19,981 [main] ERROR com.speckyfox.logmanager.LogsManager - No Element Found Named: Practice Form: DOB
2024-03-08 15:05:19,992 [main] ERROR com.speckyfox.logmanager.LogsManager - Can not scrolled Window to DOB Element 
2024-03-08 15:05:20,005 [main] ERROR com.speckyfox.logmanager.LogsManager - Exception in Clicked using JavaScript
2024-03-08 15:05:20,006 [main] ERROR com.speckyfox.logmanager.LogsManager - Cannot Click Element: DOB Element 
2024-03-08 15:05:20,006 [main] ERROR com.speckyfox.logmanager.LogsManager - Not Able to Click using JavaScript
2024-03-08 15:05:31,075 [main] ERROR com.speckyfox.logmanager.LogsManager - No Element Found Named: Month of Calender 
2024-03-08 15:05:42,194 [main] ERROR com.speckyfox.logmanager.LogsManager - No Element Found Named: Year of Calender 
2024-03-08 15:05:42,200 [main] ERROR com.speckyfox.logmanager.LogsManager - '2023' is not available in drop down.
2024-03-08 15:05:42,201 [main] ERROR com.speckyfox.logmanager.LogsManager - Not ABle to Select Year: 2023
2024-03-08 15:05:53,245 [main] ERROR com.speckyfox.logmanager.LogsManager - No Element Found Named: Practice Form: Subject Input
2024-03-08 15:05:53,245 [main] ERROR com.speckyfox.logmanager.LogsManager - No Element Found Named: Field: Subject and Value: English
2024-03-08 15:06:04,285 [main] ERROR com.speckyfox.logmanager.LogsManager - No Element Found Named: Practice Form: Subject Input Suggestion: English
2024-03-08 15:06:04,291 [main] ERROR com.speckyfox.logmanager.LogsManager - Can not scrolled Window to Subject Drop Down
2024-03-08 15:06:04,298 [main] ERROR com.speckyfox.logmanager.LogsManager - Exception in Clicked using JavaScript
2024-03-08 15:06:04,299 [main] ERROR com.speckyfox.logmanager.LogsManager - Cannot Click Element: Subject Drop Down
2024-03-08 15:06:04,299 [main] ERROR com.speckyfox.logmanager.LogsManager - Not Able to Click using JavaScript
2024-03-08 15:06:15,299 [main] ERROR com.speckyfox.logmanager.LogsManager - No Element Found Named: Practice Form: Hobies Checkbox
2024-03-08 15:06:15,308 [main] ERROR com.speckyfox.logmanager.LogsManager - Can not scrolled Window to Subject Drop Down
2024-03-08 15:06:15,316 [main] ERROR com.speckyfox.logmanager.LogsManager - Exception in Clicked using JavaScript
2024-03-08 15:06:15,317 [main] ERROR com.speckyfox.logmanager.LogsManager - Cannot Click Element: Subject Drop Down
2024-03-08 15:06:15,318 [main] ERROR com.speckyfox.logmanager.LogsManager - Not Able to Click using JavaScript
2024-03-08 15:06:26,441 [main] ERROR com.speckyfox.logmanager.LogsManager - No Element Found Named: Practice Form: Picture Upload
2024-03-08 15:06:26,442 [main] ERROR com.speckyfox.logmanager.LogsManager - No Element Found Named: Field: Picture and Value: C:\Users\ankur.huria\git\repository\Specky_Master_Automation_Framework3\src\test\resources\TestImages\SamplePhoto.png
2024-03-08 15:06:37,488 [main] ERROR com.speckyfox.logmanager.LogsManager - No Element Found Named: Practice Form: Current Address
2024-03-08 15:06:37,488 [main] ERROR com.speckyfox.logmanager.LogsManager - No Element Found Named: Field: Current Address and Value: Street No. 8, Demo Street
