2024-03-11 17:11:05,546 [main] ERROR com.speckyfox.logmanager.LogsManager - Test Cases is not present in the excel.
2024-03-11 17:11:05,552 [main] ERROR com.speckyfox.logmanager.LogsManager - Test Cases is not present in the excel.
2024-03-11 17:11:05,707 [main] INFO com.speckyfox.logmanager.LogsManager - -----Video Started for TC04_Verify_Login_WEB-------
2024-03-11 17:11:18,540 [main] INFO com.speckyfox.logmanager.LogsManager - ********************Test Script: TC04_Verify_Login_WEB is Started At: 2024-03-11 17:11:18.538********************
2024-03-11 17:11:18,619 [main] INFO com.speckyfox.logmanager.LogsManager - Window Scrolled to Email Input Box
2024-03-11 17:11:18,642 [main] INFO com.speckyfox.logmanager.LogsManager - Window Scrolled to Email Input Box
2024-03-11 17:11:18,942 [main] INFO com.speckyfox.logmanager.LogsManager - Entered Value: Sourabh to the element: Email Input Box
2024-03-11 17:11:18,973 [main] INFO com.speckyfox.logmanager.LogsManager - Window Scrolled to Password Input Box
2024-03-11 17:11:18,985 [main] INFO com.speckyfox.logmanager.LogsManager - Window Scrolled to Password Input Box
2024-03-11 17:11:19,139 [main] INFO com.speckyfox.logmanager.LogsManager - Entered Value: saini to the element: Password Input Box
2024-03-11 17:11:19,176 [main] INFO com.speckyfox.logmanager.LogsManager - Window Scrolled to Sign In Button
2024-03-11 17:11:19,191 [main] INFO com.speckyfox.logmanager.LogsManager - Window Scrolled to Login Button
2024-03-11 17:11:19,305 [main] INFO com.speckyfox.logmanager.LogsManager - Clicked on Element: Login Button
2024-03-11 17:11:30,838 [main] ERROR com.speckyfox.logmanager.LogsManager - No Element Found Named: Hi Care Logo
2024-03-11 17:11:30,839 [main] ERROR com.speckyfox.logmanager.LogsManager - Logged in Not Successfull
2024-03-11 17:11:30,851 [main] ERROR com.speckyfox.logmanager.LogsManager - As the Method: TC04_Verify_Login_WEB is not present in testiny, So Not Able to update the Test Result in Testiny
2024-03-11 17:11:30,852 [main] INFO com.speckyfox.logmanager.LogsManager - ***************Test Script: TC04_Verify_Login_WEB is passed***************


2024-03-11 17:11:33,288 [main] ERROR com.speckyfox.logmanager.LogsManager - Test Cases is not present in the excel.
2024-03-11 17:11:33,291 [main] ERROR com.speckyfox.logmanager.LogsManager - Test Cases is not present in the excel.
2024-03-11 17:13:04,874 [main] INFO com.speckyfox.logmanager.LogsManager - -----Video Started for TC04_Verify_Login_WEB-------
2024-03-11 17:13:11,152 [main] INFO com.speckyfox.logmanager.LogsManager - ********************Test Script: TC04_Verify_Login_WEB is Started At: 2024-03-11 17:13:11.152********************
2024-03-11 17:13:11,187 [main] INFO com.speckyfox.logmanager.LogsManager - Window Scrolled to Email Input Box
2024-03-11 17:13:11,202 [main] INFO com.speckyfox.logmanager.LogsManager - Window Scrolled to Email Input Box
2024-03-11 17:13:11,431 [main] INFO com.speckyfox.logmanager.LogsManager - Entered Value: akshay@speckyfox.com to the element: Email Input Box
2024-03-11 17:13:11,454 [main] INFO com.speckyfox.logmanager.LogsManager - Window Scrolled to Password Input Box
2024-03-11 17:13:11,467 [main] INFO com.speckyfox.logmanager.LogsManager - Window Scrolled to Password Input Box
2024-03-11 17:13:11,612 [main] INFO com.speckyfox.logmanager.LogsManager - Entered Value: User#2017 to the element: Password Input Box
2024-03-11 17:13:11,639 [main] INFO com.speckyfox.logmanager.LogsManager - Window Scrolled to Sign In Button
2024-03-11 17:13:11,650 [main] INFO com.speckyfox.logmanager.LogsManager - Window Scrolled to Login Button
2024-03-11 17:13:19,322 [main] INFO com.speckyfox.logmanager.LogsManager - Clicked on Element: Login Button
2024-03-11 17:13:19,361 [main] INFO com.speckyfox.logmanager.LogsManager - Window Scrolled to Hi Care Logo
2024-03-11 17:13:19,362 [main] INFO com.speckyfox.logmanager.LogsManager - Logged in Successfull
2024-03-11 17:13:19,362 [main] ERROR com.speckyfox.logmanager.LogsManager - As the Method: TC04_Verify_Login_WEB is not present in testiny, So Not Able to update the Test Result in Testiny
2024-03-11 17:13:19,362 [main] INFO com.speckyfox.logmanager.LogsManager - ***************Test Script: TC04_Verify_Login_WEB is passed***************


2024-03-11 17:13:21,775 [main] ERROR com.speckyfox.logmanager.LogsManager - Test Cases is not present in the excel.
2024-03-11 17:13:21,776 [main] ERROR com.speckyfox.logmanager.LogsManager - Test Cases is not present in the excel.
2024-03-11 17:13:27,040 [main] ERROR com.speckyfox.logmanager.LogsManager - As the Methods: [TC04_Verify_Login_WEB] are not present in testiny, So Not Able to update the Test Result in Testiny
