2024-03-07 23:02:01,515 [main] INFO com.speckyfox.logmanager.LogsManager - -----Video Started for TC01_Verify_User_Travelled_Location_WEB-------
2024-03-07 23:02:17,032 [main] INFO com.speckyfox.logmanager.LogsManager - ********************Test Script: TC01_Verify_User_Travelled_Location_WEB is Started At: 2024-03-07 23:02:17.031********************
2024-03-07 23:02:17,136 [main] INFO com.speckyfox.logmanager.LogsManager - Window Scrolled to Email Input Box
2024-03-07 23:02:17,154 [main] INFO com.speckyfox.logmanager.LogsManager - Window Scrolled to Email Input Box
2024-03-07 23:02:17,490 [main] INFO com.speckyfox.logmanager.LogsManager - Entered Value: akshay@speckyfox.com to the element: Email Input Box
2024-03-07 23:02:17,525 [main] INFO com.speckyfox.logmanager.LogsManager - Window Scrolled to Password Input Box
2024-03-07 23:02:17,536 [main] INFO com.speckyfox.logmanager.LogsManager - Window Scrolled to Password Input Box
2024-03-07 23:02:17,700 [main] INFO com.speckyfox.logmanager.LogsManager - Entered Value: User#2017 to the element: Password Input Box
2024-03-07 23:02:17,732 [main] INFO com.speckyfox.logmanager.LogsManager - Window Scrolled to Sign In Button
2024-03-07 23:02:17,745 [main] INFO com.speckyfox.logmanager.LogsManager - Window Scrolled to Login Button
2024-03-07 23:02:24,108 [main] INFO com.speckyfox.logmanager.LogsManager - Clicked on Element: Login Button
2024-03-07 23:02:24,145 [main] INFO com.speckyfox.logmanager.LogsManager - Window Scrolled to Hi Care Logo
2024-03-07 23:02:24,145 [main] INFO com.speckyfox.logmanager.LogsManager - Logged in Successfull
2024-03-07 23:02:24,173 [main] INFO com.speckyfox.logmanager.LogsManager - Window Scrolled to Side Menu Link: Navigation
2024-03-07 23:02:24,185 [main] INFO com.speckyfox.logmanager.LogsManager - Window Scrolled to Side Menu Link: Navigation
2024-03-07 23:02:24,388 [main] INFO com.speckyfox.logmanager.LogsManager - Clicked on Element: Side Menu Link: Navigation
2024-03-07 23:02:24,432 [main] INFO com.speckyfox.logmanager.LogsManager - Window Scrolled to Side Menu Link: Location
2024-03-07 23:02:24,445 [main] INFO com.speckyfox.logmanager.LogsManager - Window Scrolled to Side Menu Link: Location
2024-03-07 23:02:25,240 [main] INFO com.speckyfox.logmanager.LogsManager - Clicked on Element: Side Menu Link: Location
2024-03-07 23:02:25,280 [main] INFO com.speckyfox.logmanager.LogsManager - Window Scrolled to User List Select
2024-03-07 23:02:25,451 [main] INFO com.speckyfox.logmanager.LogsManager - Selected 418 from the drop down.
2024-03-07 23:02:25,500 [main] INFO com.speckyfox.logmanager.LogsManager - Window Scrolled to View Location Button
2024-03-07 23:02:25,515 [main] INFO com.speckyfox.logmanager.LogsManager - Window Scrolled to View Location Button: 
2024-03-07 23:02:26,428 [main] INFO com.speckyfox.logmanager.LogsManager - Clicked on Element: View Location Button: 
2024-03-07 23:02:26,461 [main] INFO com.speckyfox.logmanager.LogsManager - Window Scrolled to User on Map
2024-03-07 23:02:26,499 [main] INFO com.speckyfox.logmanager.LogsManager - Window Scrolled to Start Date
2024-03-07 23:02:26,514 [main] INFO com.speckyfox.logmanager.LogsManager - Enter Start Date: 2023-12-01
2024-03-07 23:02:26,559 [main] INFO com.speckyfox.logmanager.LogsManager - Window Scrolled to End Date
2024-03-07 23:02:26,578 [main] INFO com.speckyfox.logmanager.LogsManager - Enter End Date: 2023-12-31
2024-03-07 23:02:26,605 [main] INFO com.speckyfox.logmanager.LogsManager - Window Scrolled to Get Result Button
2024-03-07 23:02:26,615 [main] INFO com.speckyfox.logmanager.LogsManager - Window Scrolled to Result Button
2024-03-07 23:02:27,033 [main] INFO com.speckyfox.logmanager.LogsManager - Clicked on Element: Result Button
2024-03-07 23:02:28,066 [main] INFO com.speckyfox.logmanager.LogsManager - Window Scrolled to Get Image Show 1
2024-03-07 23:02:28,066 [main] INFO com.speckyfox.logmanager.LogsManager - Image Link 1 is Showing in Map
2024-03-07 23:02:28,110 [main] INFO com.speckyfox.logmanager.LogsManager - Window Scrolled to Get Image Show 1
2024-03-07 23:02:28,333 [main] INFO com.speckyfox.logmanager.LogsManager - Mouse Over Performed on [[ChromeDriver: chrome on windows (42b2aa4ca8abceca4782e2d9bbf8dab8)] -> xpath: //img[@src="https://maps.gstatic.com/mapfiles/transparent.png"]/..]
2024-03-07 23:02:28,399 [main] INFO com.speckyfox.logmanager.LogsManager - Window Scrolled to Get Address In Map
2024-03-07 23:02:28,605 [main] INFO com.speckyfox.logmanager.LogsManager - Window Scrolled to Get Address In Map
2024-03-07 23:02:28,624 [main] INFO com.speckyfox.logmanager.LogsManager - Address Verified on Map: A 42, Block A, Sector 62, Noida, Uttar Pradesh 201309, India
2024-03-07 23:02:28,704 [main] INFO com.speckyfox.logmanager.LogsManager - Window Scrolled to Get Address In Table
2024-03-07 23:02:28,727 [main] INFO com.speckyfox.logmanager.LogsManager - Window Scrolled to Get Address In Table
2024-03-07 23:02:28,740 [main] INFO com.speckyfox.logmanager.LogsManager - Address Verified on Table: A 42, Block A, Sector 62, Noida, Uttar Pradesh 201309, India
2024-03-07 23:02:28,753 [main] ERROR com.speckyfox.logmanager.LogsManager - As the Method: TC01_Verify_User_Travelled_Location_WEB is not present in testiny, So Not Able to update the Test Result in Testiny
2024-03-07 23:02:28,754 [main] INFO com.speckyfox.logmanager.LogsManager - ***************Test Script: TC01_Verify_User_Travelled_Location_WEB is passed***************


2024-03-07 23:02:31,220 [main] INFO com.speckyfox.logmanager.LogsManager - -----Video Started for TC02_Verify_Open_Ticket_Gets_ReAssigned_WEB-------
2024-03-07 23:02:37,445 [main] INFO com.speckyfox.logmanager.LogsManager - ********************Test Script: TC02_Verify_Open_Ticket_Gets_ReAssigned_WEB is Started At: 2024-03-07 23:02:37.445********************
2024-03-07 23:02:37,498 [main] INFO com.speckyfox.logmanager.LogsManager - Window Scrolled to Email Input Box
2024-03-07 23:02:37,509 [main] INFO com.speckyfox.logmanager.LogsManager - Window Scrolled to Email Input Box
2024-03-07 23:02:37,744 [main] INFO com.speckyfox.logmanager.LogsManager - Entered Value: akshay@speckyfox.com to the element: Email Input Box
2024-03-07 23:02:37,785 [main] INFO com.speckyfox.logmanager.LogsManager - Window Scrolled to Password Input Box
2024-03-07 23:02:37,796 [main] INFO com.speckyfox.logmanager.LogsManager - Window Scrolled to Password Input Box
2024-03-07 23:02:37,972 [main] INFO com.speckyfox.logmanager.LogsManager - Entered Value: User#2017 to the element: Password Input Box
2024-03-07 23:02:38,003 [main] INFO com.speckyfox.logmanager.LogsManager - Window Scrolled to Sign In Button
2024-03-07 23:02:38,017 [main] INFO com.speckyfox.logmanager.LogsManager - Window Scrolled to Login Button
2024-03-07 23:02:45,766 [main] INFO com.speckyfox.logmanager.LogsManager - Clicked on Element: Login Button
2024-03-07 23:02:45,803 [main] INFO com.speckyfox.logmanager.LogsManager - Window Scrolled to Hi Care Logo
2024-03-07 23:02:45,803 [main] INFO com.speckyfox.logmanager.LogsManager - Logged in Successfull
2024-03-07 23:02:45,837 [main] INFO com.speckyfox.logmanager.LogsManager - Window Scrolled to Side Menu Link: Ticket Management
2024-03-07 23:02:45,850 [main] INFO com.speckyfox.logmanager.LogsManager - Window Scrolled to Side Menu Link: Ticket Management
2024-03-07 23:02:46,076 [main] INFO com.speckyfox.logmanager.LogsManager - Clicked on Element: Side Menu Link: Ticket Management
2024-03-07 23:02:46,124 [main] INFO com.speckyfox.logmanager.LogsManager - Window Scrolled to Side Menu Link: All Ticket
2024-03-07 23:02:46,141 [main] INFO com.speckyfox.logmanager.LogsManager - Window Scrolled to Side Menu Link: All Ticket
2024-03-07 23:03:03,649 [main] INFO com.speckyfox.logmanager.LogsManager - Clicked on Element: Side Menu Link: All Ticket
2024-03-07 23:03:03,755 [main] INFO com.speckyfox.logmanager.LogsManager - Window Scrolled to getTicketSearchBox
2024-03-07 23:03:03,802 [main] INFO com.speckyfox.logmanager.LogsManager - Window Scrolled to Ticket Search Box: HC2401-02955
2024-03-07 23:03:04,151 [main] INFO com.speckyfox.logmanager.LogsManager - Entered Value: HC2401-02955 to the element: Ticket Search Box: HC2401-02955
2024-03-07 23:03:04,190 [main] INFO com.speckyfox.logmanager.LogsManager - Window Scrolled to getViewTicketLink: HC2401-02955
2024-03-07 23:03:04,198 [main] INFO com.speckyfox.logmanager.LogsManager - Window Scrolled to Ticket Number: HC2401-02955
2024-03-07 23:03:06,454 [main] INFO com.speckyfox.logmanager.LogsManager - Clicked on Element: Ticket Number: HC2401-02955
2024-03-07 23:03:06,552 [main] INFO com.speckyfox.logmanager.LogsManager - Window Scrolled to getReAssignButton: 
2024-03-07 23:03:06,570 [main] INFO com.speckyfox.logmanager.LogsManager - Window Scrolled to ReAssigned Button
2024-03-07 23:03:06,669 [main] INFO com.speckyfox.logmanager.LogsManager - Clicked on Element: ReAssigned Button
2024-03-07 23:03:06,712 [main] INFO com.speckyfox.logmanager.LogsManager - Window Scrolled to getAssignedToSelect
2024-03-07 23:03:07,446 [main] INFO com.speckyfox.logmanager.LogsManager - Selected John Pinto - Portfolio Manager from the drop down.
2024-03-07 23:03:07,479 [main] INFO com.speckyfox.logmanager.LogsManager - Window Scrolled to getPrioritySelect
2024-03-07 23:03:07,593 [main] INFO com.speckyfox.logmanager.LogsManager - Selected Medium from the drop down.
2024-03-07 23:03:07,620 [main] INFO com.speckyfox.logmanager.LogsManager - Window Scrolled to getReAssignedSubmitButton: 
2024-03-07 23:03:07,631 [main] INFO com.speckyfox.logmanager.LogsManager - Window Scrolled to ReAssigned Submit Button
2024-03-07 23:03:09,382 [main] INFO com.speckyfox.logmanager.LogsManager - Clicked on Element: ReAssigned Submit Button
2024-03-07 23:03:09,424 [main] INFO com.speckyfox.logmanager.LogsManager - ReAssigned To Has Been Created: Ticket Assigned to John Pinto
2024-03-07 23:03:09,427 [main] ERROR com.speckyfox.logmanager.LogsManager - As the Method: TC02_Verify_Open_Ticket_Gets_ReAssigned_WEB is not present in testiny, So Not Able to update the Test Result in Testiny
2024-03-07 23:03:09,428 [main] INFO com.speckyfox.logmanager.LogsManager - ***************Test Script: TC02_Verify_Open_Ticket_Gets_ReAssigned_WEB is passed***************


2024-03-07 23:03:12,408 [main] ERROR com.speckyfox.logmanager.LogsManager - As the Methods: [TC02_Verify_Open_Ticket_Gets_ReAssigned_WEB, TC01_Verify_User_Travelled_Location_WEB] are not present in testiny, So Not Able to update the Test Result in Testiny
