2024-03-08 16:45:46,439 [main] ERROR com.speckyfox.logmanager.LogsManager - Test Cases is not present in the excel.
2024-03-08 16:45:46,445 [main] ERROR com.speckyfox.logmanager.LogsManager - Test Cases is not present in the excel.
2024-03-08 16:45:46,576 [main] INFO com.speckyfox.logmanager.LogsManager - -----Video Started for TC04_Verify_Login_WEB-------
2024-03-08 16:46:21,175 [main] INFO com.speckyfox.logmanager.LogsManager - ********************Test Script: TC04_Verify_Login_WEB is Started At: 2024-03-08 16:46:21.174********************
2024-03-08 16:46:21,249 [main] INFO com.speckyfox.logmanager.LogsManager - Window Scrolled to Email Input Box
2024-03-08 16:46:21,271 [main] INFO com.speckyfox.logmanager.LogsManager - Window Scrolled to Email Input Box
2024-03-08 16:46:21,542 [main] INFO com.speckyfox.logmanager.LogsManager - Entered Value: Sourabh to the element: Email Input Box
2024-03-08 16:46:21,581 [main] INFO com.speckyfox.logmanager.LogsManager - Window Scrolled to Password Input Box
2024-03-08 16:46:21,593 [main] INFO com.speckyfox.logmanager.LogsManager - Window Scrolled to Password Input Box
2024-03-08 16:46:21,791 [main] INFO com.speckyfox.logmanager.LogsManager - Entered Value: saini to the element: Password Input Box
2024-03-08 16:46:21,826 [main] INFO com.speckyfox.logmanager.LogsManager - Window Scrolled to Sign In Button
2024-03-08 16:46:21,837 [main] INFO com.speckyfox.logmanager.LogsManager - Window Scrolled to Login Button
2024-03-08 16:46:21,964 [main] INFO com.speckyfox.logmanager.LogsManager - Clicked on Element: Login Button
2024-03-08 16:46:33,832 [main] ERROR com.speckyfox.logmanager.LogsManager - No Element Found Named: Hi Care Logo
2024-03-08 16:46:33,833 [main] ERROR com.speckyfox.logmanager.LogsManager - Logged in Not Successfull
2024-03-08 16:46:33,854 [main] ERROR com.speckyfox.logmanager.LogsManager - As the Method: TC04_Verify_Login_WEB is not present in testiny, So Not Able to update the Test Result in Testiny
2024-03-08 16:46:33,856 [main] INFO com.speckyfox.logmanager.LogsManager - ***************Test Script: TC04_Verify_Login_WEB is passed***************


2024-03-08 16:46:36,516 [main] INFO com.speckyfox.logmanager.LogsManager - -----Video Started for TC04_Verify_Login_WEB-------
2024-03-08 16:46:44,811 [main] INFO com.speckyfox.logmanager.LogsManager - ********************Test Script: TC04_Verify_Login_WEB is Started At: 2024-03-08 16:46:44.811********************
2024-03-08 16:46:44,857 [main] INFO com.speckyfox.logmanager.LogsManager - Window Scrolled to Email Input Box
2024-03-08 16:46:44,880 [main] INFO com.speckyfox.logmanager.LogsManager - Window Scrolled to Email Input Box
2024-03-08 16:46:45,194 [main] INFO com.speckyfox.logmanager.LogsManager - Entered Value: akshay@speckyfox.com to the element: Email Input Box
2024-03-08 16:46:45,230 [main] INFO com.speckyfox.logmanager.LogsManager - Window Scrolled to Password Input Box
2024-03-08 16:46:45,243 [main] INFO com.speckyfox.logmanager.LogsManager - Window Scrolled to Password Input Box
2024-03-08 16:46:45,480 [main] INFO com.speckyfox.logmanager.LogsManager - Entered Value: User#2017 to the element: Password Input Box
2024-03-08 16:46:45,517 [main] INFO com.speckyfox.logmanager.LogsManager - Window Scrolled to Sign In Button
2024-03-08 16:46:45,529 [main] INFO com.speckyfox.logmanager.LogsManager - Window Scrolled to Login Button
2024-03-08 16:46:53,634 [main] INFO com.speckyfox.logmanager.LogsManager - Clicked on Element: Login Button
2024-03-08 16:46:53,664 [main] INFO com.speckyfox.logmanager.LogsManager - Window Scrolled to Hi Care Logo
2024-03-08 16:46:53,665 [main] INFO com.speckyfox.logmanager.LogsManager - Logged in Successfull
2024-03-08 16:46:53,666 [main] ERROR com.speckyfox.logmanager.LogsManager - As the Method: TC04_Verify_Login_WEB is not present in testiny, So Not Able to update the Test Result in Testiny
2024-03-08 16:46:53,666 [main] INFO com.speckyfox.logmanager.LogsManager - ***************Test Script: TC04_Verify_Login_WEB is passed***************


2024-03-08 16:46:56,993 [main] ERROR com.speckyfox.logmanager.LogsManager - As the Methods: [TC04_Verify_Login_WEB] are not present in testiny, So Not Able to update the Test Result in Testiny
