2024-03-08 14:52:56,720 [main] INFO com.speckyfox.logmanager.LogsManager - -----Video Started for TC01_Verify_User_Travelled_Location_WEB-------
2024-03-08 14:53:15,273 [main] INFO com.speckyfox.logmanager.LogsManager - ********************Test Script: TC01_Verify_User_Travelled_Location_WEB is Started At: 2024-03-08 14:53:15.273********************
2024-03-08 14:53:15,339 [main] INFO com.speckyfox.logmanager.LogsManager - Window Scrolled to Email Input Box
2024-03-08 14:53:15,359 [main] INFO com.speckyfox.logmanager.LogsManager - Window Scrolled to Email Input Box
2024-03-08 14:53:15,625 [main] INFO com.speckyfox.logmanager.LogsManager - Entered Value: akshay@speckyfox.com to the element: Email Input Box
2024-03-08 14:53:15,662 [main] INFO com.speckyfox.logmanager.LogsManager - Window Scrolled to Password Input Box
2024-03-08 14:53:15,669 [main] INFO com.speckyfox.logmanager.LogsManager - Window Scrolled to Password Input Box
2024-03-08 14:53:15,825 [main] INFO com.speckyfox.logmanager.LogsManager - Entered Value: User#2017 to the element: Password Input Box
2024-03-08 14:53:15,854 [main] INFO com.speckyfox.logmanager.LogsManager - Window Scrolled to Sign In Button
2024-03-08 14:53:15,866 [main] INFO com.speckyfox.logmanager.LogsManager - Window Scrolled to Login Button
2024-03-08 14:53:24,847 [main] INFO com.speckyfox.logmanager.LogsManager - Clicked on Element: Login Button
2024-03-08 14:53:24,887 [main] INFO com.speckyfox.logmanager.LogsManager - Window Scrolled to Hi Care Logo
2024-03-08 14:53:24,887 [main] INFO com.speckyfox.logmanager.LogsManager - Logged in Successfull
2024-03-08 14:53:24,920 [main] INFO com.speckyfox.logmanager.LogsManager - Window Scrolled to Side Menu Link: Navigation
2024-03-08 14:53:24,933 [main] INFO com.speckyfox.logmanager.LogsManager - Window Scrolled to Side Menu Link: Navigation
2024-03-08 14:53:25,133 [main] INFO com.speckyfox.logmanager.LogsManager - Clicked on Element: Side Menu Link: Navigation
2024-03-08 14:53:25,173 [main] INFO com.speckyfox.logmanager.LogsManager - Window Scrolled to Side Menu Link: Location
2024-03-08 14:53:25,188 [main] INFO com.speckyfox.logmanager.LogsManager - Window Scrolled to Side Menu Link: Location
2024-03-08 14:53:26,144 [main] INFO com.speckyfox.logmanager.LogsManager - Clicked on Element: Side Menu Link: Location
2024-03-08 14:53:26,178 [main] INFO com.speckyfox.logmanager.LogsManager - Window Scrolled to User List Select
2024-03-08 14:53:26,359 [main] INFO com.speckyfox.logmanager.LogsManager - Selected 418 from the drop down.
2024-03-08 14:53:26,393 [main] INFO com.speckyfox.logmanager.LogsManager - Window Scrolled to View Location Button
2024-03-08 14:53:26,411 [main] INFO com.speckyfox.logmanager.LogsManager - Window Scrolled to View Location Button: 
2024-03-08 14:53:27,264 [main] INFO com.speckyfox.logmanager.LogsManager - Clicked on Element: View Location Button: 
2024-03-08 14:53:27,296 [main] INFO com.speckyfox.logmanager.LogsManager - Window Scrolled to User on Map
2024-03-08 14:53:27,331 [main] INFO com.speckyfox.logmanager.LogsManager - Window Scrolled to Start Date
2024-03-08 14:53:27,351 [main] INFO com.speckyfox.logmanager.LogsManager - Enter Start Date: 2023-12-01
2024-03-08 14:53:27,395 [main] INFO com.speckyfox.logmanager.LogsManager - Window Scrolled to End Date
2024-03-08 14:53:27,409 [main] INFO com.speckyfox.logmanager.LogsManager - Enter End Date: 2023-12-31
2024-03-08 14:53:27,444 [main] INFO com.speckyfox.logmanager.LogsManager - Window Scrolled to Get Result Button
2024-03-08 14:53:27,459 [main] INFO com.speckyfox.logmanager.LogsManager - Window Scrolled to Result Button
2024-03-08 14:53:29,274 [main] INFO com.speckyfox.logmanager.LogsManager - Clicked on Element: Result Button
2024-03-08 14:53:29,312 [main] INFO com.speckyfox.logmanager.LogsManager - Window Scrolled to Get Image Show 1
2024-03-08 14:53:29,312 [main] INFO com.speckyfox.logmanager.LogsManager - Image Link 1 is Showing in Map
2024-03-08 14:53:29,349 [main] INFO com.speckyfox.logmanager.LogsManager - Window Scrolled to Get Image Show 1
2024-03-08 14:53:29,551 [main] INFO com.speckyfox.logmanager.LogsManager - Mouse Over Performed on [[ChromeDriver: chrome on windows (924053955129bf5e1723a6e1467a3b45)] -> xpath: //img[@src="https://maps.gstatic.com/mapfiles/transparent.png"]/..]
2024-03-08 14:53:29,633 [main] INFO com.speckyfox.logmanager.LogsManager - Window Scrolled to Get Address In Map
2024-03-08 14:53:29,818 [main] INFO com.speckyfox.logmanager.LogsManager - Window Scrolled to Get Address In Map
2024-03-08 14:53:29,845 [main] INFO com.speckyfox.logmanager.LogsManager - Address Verified on Map: A 42, Block A, Sector 62, Noida, Uttar Pradesh 201309, India
2024-03-08 14:53:29,869 [main] INFO com.speckyfox.logmanager.LogsManager - Window Scrolled to Get Address In Table
2024-03-08 14:53:29,900 [main] INFO com.speckyfox.logmanager.LogsManager - Window Scrolled to Get Address In Table
2024-03-08 14:53:29,917 [main] INFO com.speckyfox.logmanager.LogsManager - Address Verified on Table: A 42, Block A, Sector 62, Noida, Uttar Pradesh 201309, India
2024-03-08 14:53:29,922 [main] ERROR com.speckyfox.logmanager.LogsManager - As the Method: TC01_Verify_User_Travelled_Location_WEB is not present in testiny, So Not Able to update the Test Result in Testiny
2024-03-08 14:53:29,922 [main] INFO com.speckyfox.logmanager.LogsManager - ***************Test Script: TC01_Verify_User_Travelled_Location_WEB is passed***************


2024-03-08 14:53:32,572 [main] INFO com.speckyfox.logmanager.LogsManager - -----Video Started for TC02_Verify_Open_Ticket_Gets_ReAssigned_WEB-------
2024-03-08 14:53:41,532 [main] INFO com.speckyfox.logmanager.LogsManager - ********************Test Script: TC02_Verify_Open_Ticket_Gets_ReAssigned_WEB is Started At: 2024-03-08 14:53:41.532********************
2024-03-08 14:53:41,572 [main] INFO com.speckyfox.logmanager.LogsManager - Window Scrolled to Email Input Box
2024-03-08 14:53:41,583 [main] INFO com.speckyfox.logmanager.LogsManager - Window Scrolled to Email Input Box
2024-03-08 14:53:41,834 [main] INFO com.speckyfox.logmanager.LogsManager - Entered Value: akshay@speckyfox.com to the element: Email Input Box
2024-03-08 14:53:41,862 [main] INFO com.speckyfox.logmanager.LogsManager - Window Scrolled to Password Input Box
2024-03-08 14:53:41,874 [main] INFO com.speckyfox.logmanager.LogsManager - Window Scrolled to Password Input Box
2024-03-08 14:53:42,038 [main] INFO com.speckyfox.logmanager.LogsManager - Entered Value: User#2017 to the element: Password Input Box
2024-03-08 14:53:42,060 [main] INFO com.speckyfox.logmanager.LogsManager - Window Scrolled to Sign In Button
2024-03-08 14:53:42,067 [main] INFO com.speckyfox.logmanager.LogsManager - Window Scrolled to Login Button
2024-03-08 14:53:51,292 [main] INFO com.speckyfox.logmanager.LogsManager - Clicked on Element: Login Button
2024-03-08 14:53:51,326 [main] INFO com.speckyfox.logmanager.LogsManager - Window Scrolled to Hi Care Logo
2024-03-08 14:53:51,327 [main] INFO com.speckyfox.logmanager.LogsManager - Logged in Successfull
2024-03-08 14:53:51,360 [main] INFO com.speckyfox.logmanager.LogsManager - Window Scrolled to Side Menu Link: Ticket Management
2024-03-08 14:53:51,373 [main] INFO com.speckyfox.logmanager.LogsManager - Window Scrolled to Side Menu Link: Ticket Management
2024-03-08 14:53:51,627 [main] INFO com.speckyfox.logmanager.LogsManager - Clicked on Element: Side Menu Link: Ticket Management
2024-03-08 14:53:51,658 [main] INFO com.speckyfox.logmanager.LogsManager - Window Scrolled to Side Menu Link: All Ticket
2024-03-08 14:53:51,676 [main] INFO com.speckyfox.logmanager.LogsManager - Window Scrolled to Side Menu Link: All Ticket
2024-03-08 14:54:12,049 [main] INFO com.speckyfox.logmanager.LogsManager - Clicked on Element: Side Menu Link: All Ticket
2024-03-08 14:54:12,138 [main] INFO com.speckyfox.logmanager.LogsManager - Window Scrolled to getTicketSearchBox
2024-03-08 14:54:12,155 [main] INFO com.speckyfox.logmanager.LogsManager - Window Scrolled to Ticket Search Box: HC2401-02955
2024-03-08 14:54:12,436 [main] INFO com.speckyfox.logmanager.LogsManager - Entered Value: HC2401-02955 to the element: Ticket Search Box: HC2401-02955
2024-03-08 14:54:12,496 [main] INFO com.speckyfox.logmanager.LogsManager - Window Scrolled to getViewTicketLink: HC2401-02955
2024-03-08 14:54:12,540 [main] INFO com.speckyfox.logmanager.LogsManager - Window Scrolled to Ticket Number: HC2401-02955
2024-03-08 14:54:14,750 [main] INFO com.speckyfox.logmanager.LogsManager - Clicked on Element: Ticket Number: HC2401-02955
2024-03-08 14:54:14,819 [main] INFO com.speckyfox.logmanager.LogsManager - Window Scrolled to getReAssignButton: 
2024-03-08 14:54:14,831 [main] INFO com.speckyfox.logmanager.LogsManager - Window Scrolled to ReAssigned Button
2024-03-08 14:54:14,923 [main] INFO com.speckyfox.logmanager.LogsManager - Clicked on Element: ReAssigned Button
2024-03-08 14:54:14,953 [main] INFO com.speckyfox.logmanager.LogsManager - Window Scrolled to getAssignedToSelect
2024-03-08 14:54:15,588 [main] INFO com.speckyfox.logmanager.LogsManager - Selected John Pinto - Portfolio Manager from the drop down.
2024-03-08 14:54:15,620 [main] INFO com.speckyfox.logmanager.LogsManager - Window Scrolled to getPrioritySelect
2024-03-08 14:54:15,730 [main] INFO com.speckyfox.logmanager.LogsManager - Selected Medium from the drop down.
2024-03-08 14:54:15,759 [main] INFO com.speckyfox.logmanager.LogsManager - Window Scrolled to getReAssignedSubmitButton: 
2024-03-08 14:54:15,773 [main] INFO com.speckyfox.logmanager.LogsManager - Window Scrolled to ReAssigned Submit Button
2024-03-08 14:54:17,781 [main] INFO com.speckyfox.logmanager.LogsManager - Clicked on Element: ReAssigned Submit Button
2024-03-08 14:54:17,818 [main] INFO com.speckyfox.logmanager.LogsManager - ReAssigned To Has Been Created: Ticket Assigned to John Pinto
2024-03-08 14:54:17,818 [main] ERROR com.speckyfox.logmanager.LogsManager - As the Method: TC02_Verify_Open_Ticket_Gets_ReAssigned_WEB is not present in testiny, So Not Able to update the Test Result in Testiny
2024-03-08 14:54:17,819 [main] INFO com.speckyfox.logmanager.LogsManager - ***************Test Script: TC02_Verify_Open_Ticket_Gets_ReAssigned_WEB is passed***************


2024-03-08 14:54:20,665 [main] ERROR com.speckyfox.logmanager.LogsManager - As the Methods: [TC02_Verify_Open_Ticket_Gets_ReAssigned_WEB, TC01_Verify_User_Travelled_Location_WEB] are not present in testiny, So Not Able to update the Test Result in Testiny
