2024-03-07 19:16:54,774 [main] INFO com.speckyfox.logmanager.LogsManager - -----Video Started for TC01_Verify_User_Travelled_Location_WEB-------
2024-03-07 19:17:14,584 [main] INFO com.speckyfox.logmanager.LogsManager - ********************Test Script: TC01_Verify_User_Travelled_Location_WEB is Started At: 2024-03-07 19:17:14.572********************
2024-03-07 19:17:14,735 [main] INFO com.speckyfox.logmanager.LogsManager - Window Scrolled to Email Input Box
2024-03-07 19:17:14,779 [main] INFO com.speckyfox.logmanager.LogsManager - Window Scrolled to Email Input Box
2024-03-07 19:17:15,375 [main] INFO com.speckyfox.logmanager.LogsManager - Entered Value: akshay@speckyfox.com to the element: Email Input Box
2024-03-07 19:17:15,457 [main] INFO com.speckyfox.logmanager.LogsManager - Window Scrolled to Password Input Box
2024-03-07 19:17:15,483 [main] INFO com.speckyfox.logmanager.LogsManager - Window Scrolled to Password Input Box
2024-03-07 19:17:16,115 [main] INFO com.speckyfox.logmanager.LogsManager - Entered Value: User#2017 to the element: Password Input Box
2024-03-07 19:17:16,175 [main] INFO com.speckyfox.logmanager.LogsManager - Window Scrolled to Sign In Button
2024-03-07 19:17:16,212 [main] INFO com.speckyfox.logmanager.LogsManager - Window Scrolled to Login Button
2024-03-07 19:17:23,510 [main] INFO com.speckyfox.logmanager.LogsManager - Clicked on Element: Login Button
2024-03-07 19:17:23,573 [main] INFO com.speckyfox.logmanager.LogsManager - Window Scrolled to Hi Care Logo
2024-03-07 19:17:23,574 [main] INFO com.speckyfox.logmanager.LogsManager - Logged in Successfull
2024-03-07 19:17:23,647 [main] INFO com.speckyfox.logmanager.LogsManager - Window Scrolled to Side Menu Link: Navigation
2024-03-07 19:17:23,765 [main] INFO com.speckyfox.logmanager.LogsManager - Window Scrolled to Side Menu Link: Navigation
2024-03-07 19:17:24,121 [main] INFO com.speckyfox.logmanager.LogsManager - Clicked on Element: Side Menu Link: Navigation
2024-03-07 19:17:24,254 [main] INFO com.speckyfox.logmanager.LogsManager - Window Scrolled to Side Menu Link: Location
2024-03-07 19:17:24,295 [main] INFO com.speckyfox.logmanager.LogsManager - Window Scrolled to Side Menu Link: Location
2024-03-07 19:17:25,849 [main] INFO com.speckyfox.logmanager.LogsManager - Clicked on Element: Side Menu Link: Location
2024-03-07 19:17:25,951 [main] INFO com.speckyfox.logmanager.LogsManager - Window Scrolled to User List Select
2024-03-07 19:17:26,388 [main] INFO com.speckyfox.logmanager.LogsManager - Selected 418 from the drop down.
2024-03-07 19:17:26,498 [main] INFO com.speckyfox.logmanager.LogsManager - Window Scrolled to View Location Button
2024-03-07 19:17:26,548 [main] INFO com.speckyfox.logmanager.LogsManager - Window Scrolled to View Location Button: 
2024-03-07 19:17:28,145 [main] INFO com.speckyfox.logmanager.LogsManager - Clicked on Element: View Location Button: 
2024-03-07 19:17:28,278 [main] INFO com.speckyfox.logmanager.LogsManager - Window Scrolled to User on Map
2024-03-07 19:17:28,418 [main] INFO com.speckyfox.logmanager.LogsManager - Window Scrolled to Start Date
2024-03-07 19:17:28,498 [main] INFO com.speckyfox.logmanager.LogsManager - Enter Start Date: 2023-12-01
2024-03-07 19:17:28,631 [main] INFO com.speckyfox.logmanager.LogsManager - Window Scrolled to End Date
2024-03-07 19:17:28,677 [main] INFO com.speckyfox.logmanager.LogsManager - Enter End Date: 2023-12-31
2024-03-07 19:17:28,753 [main] INFO com.speckyfox.logmanager.LogsManager - Window Scrolled to Get Result Button
2024-03-07 19:17:28,775 [main] INFO com.speckyfox.logmanager.LogsManager - Window Scrolled to Result Button
2024-03-07 19:17:31,184 [main] INFO com.speckyfox.logmanager.LogsManager - Clicked on Element: Result Button
2024-03-07 19:17:31,466 [main] INFO com.speckyfox.logmanager.LogsManager - Window Scrolled to Get Image Show 1
2024-03-07 19:17:31,505 [main] INFO com.speckyfox.logmanager.LogsManager - Image Link 1 is Showing in Map
2024-03-07 19:17:32,146 [main] INFO com.speckyfox.logmanager.LogsManager - Window Scrolled to Get Image Show 1
2024-03-07 19:17:33,045 [main] INFO com.speckyfox.logmanager.LogsManager - Mouse Over Performed on [[ChromeDriver: chrome on windows (65448c56c78963a91de3086a5eeb560b)] -> xpath: //img[@src="https://maps.gstatic.com/mapfiles/transparent.png"]/..]
2024-03-07 19:17:33,235 [main] INFO com.speckyfox.logmanager.LogsManager - Window Scrolled to Get Address In Map
2024-03-07 19:17:33,316 [main] INFO com.speckyfox.logmanager.LogsManager - Window Scrolled to Get Address In Map
2024-03-07 19:17:33,422 [main] INFO com.speckyfox.logmanager.LogsManager - Address Verified on Map: A 42, Block A, Sector 62, Noida, Uttar Pradesh 201309, India
2024-03-07 19:17:33,495 [main] INFO com.speckyfox.logmanager.LogsManager - Window Scrolled to Get Address In Table
2024-03-07 19:17:33,548 [main] INFO com.speckyfox.logmanager.LogsManager - Window Scrolled to Get Address In Table
2024-03-07 19:17:33,561 [main] INFO com.speckyfox.logmanager.LogsManager - Address Verified on Table: A 42, Block A, Sector 62, Noida, Uttar Pradesh 201309, India
2024-03-07 19:17:33,574 [main] ERROR com.speckyfox.logmanager.LogsManager - As the Method: TC01_Verify_User_Travelled_Location_WEB is not present in testiny, So Not Able to update the Test Result in Testiny
2024-03-07 19:17:33,575 [main] INFO com.speckyfox.logmanager.LogsManager - ***************Test Script: TC01_Verify_User_Travelled_Location_WEB is passed***************


2024-03-07 19:17:37,157 [main] INFO com.speckyfox.logmanager.LogsManager - -----Video Started for TC02_Verify_Open_Ticket_Gets_ReAssigned_WEB-------
2024-03-07 19:17:46,305 [main] INFO com.speckyfox.logmanager.LogsManager - ********************Test Script: TC02_Verify_Open_Ticket_Gets_ReAssigned_WEB is Started At: 2024-03-07 19:17:46.305********************
2024-03-07 19:17:46,434 [main] INFO com.speckyfox.logmanager.LogsManager - Window Scrolled to Email Input Box
2024-03-07 19:17:46,472 [main] INFO com.speckyfox.logmanager.LogsManager - Window Scrolled to Email Input Box
2024-03-07 19:17:46,961 [main] INFO com.speckyfox.logmanager.LogsManager - Entered Value: akshay@speckyfox.com to the element: Email Input Box
2024-03-07 19:17:47,016 [main] INFO com.speckyfox.logmanager.LogsManager - Window Scrolled to Password Input Box
2024-03-07 19:17:47,027 [main] INFO com.speckyfox.logmanager.LogsManager - Window Scrolled to Password Input Box
2024-03-07 19:17:47,341 [main] INFO com.speckyfox.logmanager.LogsManager - Entered Value: User#2017 to the element: Password Input Box
2024-03-07 19:17:47,407 [main] INFO com.speckyfox.logmanager.LogsManager - Window Scrolled to Sign In Button
2024-03-07 19:17:47,427 [main] INFO com.speckyfox.logmanager.LogsManager - Window Scrolled to Login Button
2024-03-07 19:17:54,176 [main] INFO com.speckyfox.logmanager.LogsManager - Clicked on Element: Login Button
2024-03-07 19:17:54,263 [main] INFO com.speckyfox.logmanager.LogsManager - Window Scrolled to Hi Care Logo
2024-03-07 19:17:54,265 [main] INFO com.speckyfox.logmanager.LogsManager - Logged in Successfull
2024-03-07 19:17:54,417 [main] INFO com.speckyfox.logmanager.LogsManager - Window Scrolled to Side Menu Link: Ticket Management
2024-03-07 19:17:54,473 [main] INFO com.speckyfox.logmanager.LogsManager - Window Scrolled to Side Menu Link: Ticket Management
2024-03-07 19:17:54,750 [main] INFO com.speckyfox.logmanager.LogsManager - Clicked on Element: Side Menu Link: Ticket Management
2024-03-07 19:17:54,882 [main] INFO com.speckyfox.logmanager.LogsManager - Window Scrolled to Side Menu Link: All Ticket
2024-03-07 19:17:54,907 [main] INFO com.speckyfox.logmanager.LogsManager - Window Scrolled to Side Menu Link: All Ticket
2024-03-07 19:18:28,581 [main] INFO com.speckyfox.logmanager.LogsManager - Clicked on Element: Side Menu Link: All Ticket
2024-03-07 19:18:28,746 [main] INFO com.speckyfox.logmanager.LogsManager - Window Scrolled to getTicketSearchBox
2024-03-07 19:18:28,799 [main] INFO com.speckyfox.logmanager.LogsManager - Window Scrolled to Ticket Search Box: HC2401-02955
2024-03-07 19:18:29,613 [main] INFO com.speckyfox.logmanager.LogsManager - Entered Value: HC2401-02955 to the element: Ticket Search Box: HC2401-02955
2024-03-07 19:18:29,728 [main] INFO com.speckyfox.logmanager.LogsManager - Window Scrolled to getViewTicketLink: HC2401-02955
2024-03-07 19:18:29,798 [main] INFO com.speckyfox.logmanager.LogsManager - Window Scrolled to Ticket Number: HC2401-02955
2024-03-07 19:18:32,145 [main] INFO com.speckyfox.logmanager.LogsManager - Clicked on Element: Ticket Number: HC2401-02955
2024-03-07 19:18:32,276 [main] INFO com.speckyfox.logmanager.LogsManager - Window Scrolled to getReAssignButton: 
2024-03-07 19:18:32,298 [main] INFO com.speckyfox.logmanager.LogsManager - Window Scrolled to ReAssigned Button
2024-03-07 19:18:32,461 [main] INFO com.speckyfox.logmanager.LogsManager - Clicked on Element: ReAssigned Button
2024-03-07 19:18:32,516 [main] INFO com.speckyfox.logmanager.LogsManager - Window Scrolled to getAssignedToSelect
2024-03-07 19:18:33,308 [main] INFO com.speckyfox.logmanager.LogsManager - Selected John Pinto - Portfolio Manager from the drop down.
2024-03-07 19:18:33,428 [main] INFO com.speckyfox.logmanager.LogsManager - Window Scrolled to getPrioritySelect
2024-03-07 19:18:33,658 [main] INFO com.speckyfox.logmanager.LogsManager - Selected Medium from the drop down.
2024-03-07 19:18:33,788 [main] INFO com.speckyfox.logmanager.LogsManager - Window Scrolled to getReAssignedSubmitButton: 
2024-03-07 19:18:33,825 [main] INFO com.speckyfox.logmanager.LogsManager - Window Scrolled to ReAssigned Submit Button
2024-03-07 19:18:35,694 [main] INFO com.speckyfox.logmanager.LogsManager - Clicked on Element: ReAssigned Submit Button
2024-03-07 19:18:35,823 [main] INFO com.speckyfox.logmanager.LogsManager - ReAssigned To Has Been Created: Ticket Assigned to John Pinto
2024-03-07 19:18:35,823 [main] ERROR com.speckyfox.logmanager.LogsManager - As the Method: TC02_Verify_Open_Ticket_Gets_ReAssigned_WEB is not present in testiny, So Not Able to update the Test Result in Testiny
2024-03-07 19:18:35,824 [main] INFO com.speckyfox.logmanager.LogsManager - ***************Test Script: TC02_Verify_Open_Ticket_Gets_ReAssigned_WEB is passed***************


2024-03-07 19:18:40,034 [main] ERROR com.speckyfox.logmanager.LogsManager - As the Methods: [TC02_Verify_Open_Ticket_Gets_ReAssigned_WEB, TC01_Verify_User_Travelled_Location_WEB] are not present in testiny, So Not Able to update the Test Result in Testiny
